<?xml version="1.0" encoding="UTF-8"?>
<!-- Generated by org.testng.reporters.JUnitReportReporter -->
<testsuite hostname="TTS-MUM-069" failures="0" tests="1" name="assignment.OurPolicy" time="4.561" errors="0" timestamp="2024-07-19T14:36:27 IST" skipped="0">
  <testcase classname="assignment.OurPolicy" name="calling" time="4.561"/>
</testsuite> <!-- assignment.OurPolicy -->
