<?xml version="1.0" encoding="UTF-8"?>
<!-- Generated by org.testng.reporters.JUnitReportReporter -->
<testsuite hostname="TTS-MUM-069" failures="0" tests="3" name="assignment.CreateUser" time="10.357" errors="0" timestamp="2024-07-19T12:12:07 IST" skipped="0">
  <testcase classname="assignment.CreateUser" name="home" time="0.132"/>
  <testcase classname="assignment.CreateUser" name="Utility" time="3.294"/>
  <testcase classname="assignment.CreateUser" name="singUp" time="6.931"/>
</testsuite> <!-- assignment.CreateUser -->
