<?xml version="1.0" encoding="UTF-8"?>
<!-- Generated by org.testng.reporters.JUnitReportReporter -->
<testsuite hostname="TTS-MUM-069" failures="0" tests="1" name="assignment.HomePage" time="6.684" errors="0" timestamp="2024-07-19T10:22:21 IST" skipped="0">
  <testcase classname="assignment.HomePage" name="Utility" time="6.684"/>
</testsuite> <!-- assignment.HomePage -->
