<?xml version="1.0" encoding="UTF-8"?>
<!-- Generated by org.testng.reporters.JUnitReportReporter -->
<testsuite hostname="TTS-MUM-069" failures="0" tests="2" name="assignment.Language" time="4.318" errors="0" timestamp="2024-07-19T16:15:39 IST" skipped="0">
  <testcase classname="assignment.Language" name="Call" time="4.245"/>
  <testcase classname="assignment.Language" name="changelang" time="0.073"/>
</testsuite> <!-- assignment.Language -->
